<?xml version="1.0" encoding="UTF-8"?>
<testng-results ignored="0" total="1" passed="1" failed="0" skipped="0">
  <reporter-output>
  </reporter-output>
  <suite started-at="2023-05-23T09:17:59 IST" name="Default suite" finished-at="2023-05-23T09:18:03 IST" duration-ms="4023">
    <groups>
    </groups>
    <test started-at="2023-05-23T09:17:59 IST" name="Default test" finished-at="2023-05-23T09:18:03 IST" duration-ms="4023">
      <class name="com.facebook.tests.LandingTest">
        <test-method is-config="true" signature="beforclass()[pri:0, instance:com.facebook.tests.LandingTest@4229bb3f]" started-at="2023-05-23T09:17:59 IST" name="beforclass" finished-at="2023-05-23T09:18:02 IST" duration-ms="3750" status="PASS">
          <reporter-output>
          </reporter-output>
        </test-method> <!-- beforclass -->
        <test-method signature="landingPageTest()[pri:0, instance:com.facebook.tests.LandingTest@4229bb3f]" started-at="2023-05-23T09:18:02 IST" name="landingPageTest" finished-at="2023-05-23T09:18:03 IST" duration-ms="158" status="PASS">
          <reporter-output>
          </reporter-output>
        </test-method> <!-- landingPageTest -->
        <test-method is-config="true" signature="takeScreenShotOfTest(org.testng.ITestResult)[pri:0, instance:com.facebook.tests.LandingTest@4229bb3f]" started-at="2023-05-23T09:18:03 IST" name="takeScreenShotOfTest" finished-at="2023-05-23T09:18:03 IST" duration-ms="1" status="PASS">
          <params>
            <param index="0">
              <value>
                <![CDATA[[TestResult name=landingPageTest status=SUCCESS method=LandingTest.landingPageTest()[pri:0, instance:com.facebook.tests.LandingTest@4229bb3f] output={null}]]]>
              </value>
            </param>
          </params>
          <reporter-output>
          </reporter-output>
        </test-method> <!-- takeScreenShotOfTest -->
        <test-method is-config="true" signature="closeBrowser()[pri:0, instance:com.facebook.tests.LandingTest@4229bb3f]" started-at="2023-05-23T09:18:03 IST" name="closeBrowser" finished-at="2023-05-23T09:18:03 IST" duration-ms="87" status="PASS">
          <reporter-output>
          </reporter-output>
        </test-method> <!-- closeBrowser -->
      </class> <!-- com.facebook.tests.LandingTest -->
    </test> <!-- Default test -->
  </suite> <!-- Default suite -->
</testng-results>
