<?xml version="1.0" encoding="UTF-8"?>
<!-- Generated by org.testng.reporters.JUnitXMLReporter -->
<testsuite ignored="2" hostname="PremPC-9" failures="1" tests="22" name="Test" time="0.086" errors="0" timestamp="2023-04-12T20:13:37 IST">
  <testcase classname="testNGPackage.TestNG3" name="testCase1" time="0.004"/>
  <testcase classname="testNGPackage.TestNG3" name="ice" time="0.001"/>
  <testcase classname="testNGPackage.TestNG3" name="method2" time="0.001"/>
  <testcase classname="testNGPackage.TestNG3" name="net" time="0.0"/>
  <testcase classname="testNGPackage.TestNG3" name="method1" time="0.001"/>
  <testcase classname="testNGPackage.TestNG2" name="aajadi" time="0.001"/>
  <testcase classname="testNGPackage.TestNG2" name="ab" time="0.001"/>
  <testcase classname="testNGPackage.TestNG2" name="z" time="0.001"/>
  <testcase classname="testNGPackage.TestNG5" name="testcase4" time="0.002"/>
  <testcase classname="testNGPackage.TestNG5" name="testCase1" time="0.001"/>
  <testcase classname="testNGPackage.TestNG5" name="testcase2" time="0.002"/>
  <testcase classname="testNGPackage.TestNG5" name="testcase2" time="0.001"/>
  <testcase classname="testNGPackage.TestNG5" name="testcase5" time="0.001"/>
  <testcase classname="testNGPackage.TestNG5" name="testcase6" time="0.003"/>
  <testcase classname="testNGPackage.TestNG4" name="method1" time="0.0"/>
  <testcase classname="testNGPackage.TestNG4" name="method2" time="0.001"/>
  <testcase classname="testNGPackage.TestNG4" name="method2" time="0.0"/>
  <testcase classname="testNGPackage.TestNG4" name="testCase4" time="0.001">
    <skipped/>
  </testcase> <!-- testCase4 -->
  <testcase classname="testNGPackage.TestNG6" name="testCase1" time="0.003">
    <failure type="java.lang.AssertionError" message="expected [true] but found [false]">
      <![CDATA[java.lang.AssertionError: expected [true] but found [false]
at testNGPackage.TestNG6.testCase1(TestNG6.java:14)
at java.base/java.util.ArrayList.forEach(ArrayList.java:1511)
... Removed 31 stack frames]]>
    </failure>
  </testcase> <!-- testCase1 -->
  <testcase classname="testNGPackage.TestNG6" name="testcase2" time="0.0">
    <skipped/>
  </testcase> <!-- testcase2 -->
  <testcase classname="testNGPackage.BasicTest1" name="a1" time="0.0"/>
  <testcase classname="testNGPackage.BasicTest1" name="a2" time="0.001"/>
  <testcase classname="testNGPackage.TestNG5" name="testcase3" time="0.0">
    <ignored/>
  </testcase> <!-- testcase3 -->
  <testcase classname="testNGPackage.TestNG4" name="testcase2" time="0.0">
    <ignored/>
  </testcase> <!-- testcase2 -->
</testsuite> <!-- Test -->
