<?xml version="1.0" encoding="UTF-8"?>
<!-- Generated by org.testng.reporters.JUnitXMLReporter -->
<testsuite ignored="4" hostname="PremPC-9" failures="0" tests="1" name="Test(failed)" time="0.041" errors="0" timestamp="2022-12-04T15:51:01 IST">
  <testcase classname="testNGPackage.TestNG4" name="testCase4" time="0.007">
    <skipped/>
  </testcase> <!-- testCase4 -->
  <testcase classname="testNGPackage.TestNG4" name="method2" time="0.0">
    <ignored/>
  </testcase> <!-- method2 -->
  <testcase classname="testNGPackage.TestNG4" name="method1" time="0.0">
    <ignored/>
  </testcase> <!-- method1 -->
  <testcase classname="testNGPackage.TestNG4" name="testcase3" time="0.0">
    <ignored/>
  </testcase> <!-- testcase3 -->
  <testcase classname="testNGPackage.TestNG4" name="testcase2" time="0.0">
    <ignored/>
  </testcase> <!-- testcase2 -->
</testsuite> <!-- Test(failed) -->
